<?xml version="1.0" encoding="UTF-8"?>
<robot generator="Robot 7.4.1 (Python 3.14.3 on win32)" generated="2026-02-28T21:29:53.831652" rpa="false" schemaversion="5">
<suite id="s1" name="Teste" source="C:\Users\iagon\Desktop\Projetos\robot-desafio\teste.robot">
<test id="s1-t1" name="Cenário 1: Acessando o site do Robot" line="51">
<kw name="Abrir Site Iagon">
<kw name="Open Browser" owner="SeleniumLibrary">
<msg time="2026-02-28T21:29:53.986537" level="INFO">Opening browser 'chrome' to base url 'https://www.google.com/'.</msg>
<arg>${SITE_URL_IAGON}</arg>
<arg>${BROWSER}</arg>
<doc>Opens a new browser instance to the optional ``url``.</doc>
<status status="PASS" start="2026-02-28T21:29:53.986306" elapsed="11.565009"/>
</kw>
<kw name="Maximize Browser Window" owner="SeleniumLibrary">
<doc>Maximizes current browser window.</doc>
<status status="PASS" start="2026-02-28T21:30:05.551608" elapsed="0.022268"/>
</kw>
<status status="PASS" start="2026-02-28T21:29:53.985631" elapsed="11.588430"/>
</kw>
<kw name="Aguardar site carregar">
<kw name="Sleep" owner="BuiltIn">
<msg time="2026-02-28T21:30:08.575392" level="INFO">Slept 3 seconds.</msg>
<arg>3s</arg>
<doc>Pauses the test executed for the given time.</doc>
<status status="PASS" start="2026-02-28T21:30:05.574703" elapsed="3.000877"/>
</kw>
<status status="PASS" start="2026-02-28T21:30:05.574385" elapsed="3.001341"/>
</kw>
<kw name="Fechar navegador">
<kw name="Close Browser" owner="SeleniumLibrary">
<doc>Closes the current browser.</doc>
<status status="PASS" start="2026-02-28T21:30:08.576454" elapsed="2.284639"/>
</kw>
<status status="PASS" start="2026-02-28T21:30:08.576073" elapsed="2.285141"/>
</kw>
<tag>Teste1</tag>
<status status="PASS" start="2026-02-28T21:29:53.984945" elapsed="16.876490"/>
</test>
<test id="s1-t2" name="Cenário 2: Testando o Robot" line="57">
<kw name="Abrir Site">
<kw name="Open Browser" owner="SeleniumLibrary">
<msg time="2026-02-28T21:30:10.862641" level="INFO">Opening browser 'chrome' to base url 'https://automationpratice.com.br/'.</msg>
<arg>${SITE_URL}</arg>
<arg>${BROWSER}</arg>
<doc>Opens a new browser instance to the optional ``url``.</doc>
<status status="PASS" start="2026-02-28T21:30:10.862436" elapsed="1.544823"/>
</kw>
<kw name="Maximize Browser Window" owner="SeleniumLibrary">
<doc>Maximizes current browser window.</doc>
<status status="PASS" start="2026-02-28T21:30:12.407430" elapsed="0.033404"/>
</kw>
<status status="PASS" start="2026-02-28T21:30:10.862197" elapsed="1.578745"/>
</kw>
<kw name="Aguardar site carregar">
<kw name="Sleep" owner="BuiltIn">
<msg time="2026-02-28T21:30:15.442027" level="INFO">Slept 3 seconds.</msg>
<arg>3s</arg>
<doc>Pauses the test executed for the given time.</doc>
<status status="PASS" start="2026-02-28T21:30:12.441585" elapsed="3.000579"/>
</kw>
<status status="PASS" start="2026-02-28T21:30:12.441225" elapsed="3.001060"/>
</kw>
<kw name="Clicar sobre o botão login">
<kw name="Wait Until Element Is Visible" owner="SeleniumLibrary">
<arg>xpath=//a[@href='/login']</arg>
<arg>10s</arg>
<doc>Waits until the element ``locator`` is visible.</doc>
<status status="PASS" start="2026-02-28T21:30:15.442945" elapsed="0.017753"/>
</kw>
<kw name="Click Element" owner="SeleniumLibrary">
<msg time="2026-02-28T21:30:15.461081" level="INFO">Clicking element 'xpath=//a[@href='/login']'.</msg>
<arg>xpath=//a[@href='/login']</arg>
<doc>Click the element identified by ``locator``.</doc>
<status status="PASS" start="2026-02-28T21:30:15.460864" elapsed="0.063724"/>
</kw>
<status status="PASS" start="2026-02-28T21:30:15.442631" elapsed="0.082214"/>
</kw>
<kw name="Digitar email">
<kw name="Wait Until Element Is Visible" owner="SeleniumLibrary">
<arg>id=user</arg>
<arg>10s</arg>
<doc>Waits until the element ``locator`` is visible.</doc>
<status status="PASS" start="2026-02-28T21:30:15.525840" elapsed="0.424100"/>
</kw>
<kw name="Input Text" owner="SeleniumLibrary">
<msg time="2026-02-28T21:30:15.950339" level="INFO">Typing text 'iagon@outlook.com' into text field 'id=user'.</msg>
<arg>id=user</arg>
<arg>${USUARIO_EMAIL}</arg>
<doc>Types the given ``text`` into the text field identified by ``locator``.</doc>
<status status="PASS" start="2026-02-28T21:30:15.950104" elapsed="0.082617"/>
</kw>
<status status="PASS" start="2026-02-28T21:30:15.525449" elapsed="0.507377"/>
</kw>
<kw name="Digitar senha">
<kw name="Input Text" owner="SeleniumLibrary">
<msg time="2026-02-28T21:30:16.033633" level="INFO">Typing text '123456' into text field 'id=password'.</msg>
<arg>id=password</arg>
<arg>${USUARIO_SENHA}</arg>
<doc>Types the given ``text`` into the text field identified by ``locator``.</doc>
<status status="PASS" start="2026-02-28T21:30:16.033438" elapsed="0.050043"/>
</kw>
<status status="PASS" start="2026-02-28T21:30:16.033176" elapsed="0.050411"/>
</kw>
<kw name="Clicar em logar">
<kw name="Click Element" owner="SeleniumLibrary">
<msg time="2026-02-28T21:30:16.084348" level="INFO">Clicking element 'id=btnLogin'.</msg>
<arg>id=btnLogin</arg>
<doc>Click the element identified by ``locator``.</doc>
<status status="PASS" start="2026-02-28T21:30:16.084179" elapsed="0.055064"/>
</kw>
<status status="PASS" start="2026-02-28T21:30:16.083933" elapsed="0.055412"/>
</kw>
<kw name="Verificar texto login realizado">
<kw name="Wait Until Element Is Visible" owner="SeleniumLibrary">
<arg>id=swal2-title</arg>
<arg>10s</arg>
<doc>Waits until the element ``locator`` is visible.</doc>
<status status="PASS" start="2026-02-28T21:30:16.140069" elapsed="0.014611"/>
</kw>
<kw name="Get Text" owner="SeleniumLibrary">
<msg time="2026-02-28T21:30:16.170081" level="INFO">${texto_atual} = Login realizado</msg>
<var>${texto_atual}</var>
<arg>id=swal2-title</arg>
<doc>Returns the text value of the element identified by ``locator``.</doc>
<status status="PASS" start="2026-02-28T21:30:16.154845" elapsed="0.015285"/>
</kw>
<kw name="Should Be Equal As Strings" owner="BuiltIn">
<arg>${texto_atual}</arg>
<arg>Login realizado</arg>
<doc>Fails if objects are unequal after converting them to strings.</doc>
<status status="PASS" start="2026-02-28T21:30:16.170269" elapsed="0.000310"/>
</kw>
<status status="PASS" start="2026-02-28T21:30:16.139750" elapsed="0.030895"/>
</kw>
<kw name="Fechar navegador">
<kw name="Close Browser" owner="SeleniumLibrary">
<doc>Closes the current browser.</doc>
<status status="PASS" start="2026-02-28T21:30:16.171238" elapsed="2.240084"/>
</kw>
<status status="PASS" start="2026-02-28T21:30:16.170955" elapsed="2.240481"/>
</kw>
<tag>Teste2</tag>
<status status="PASS" start="2026-02-28T21:30:10.861807" elapsed="7.549846"/>
</test>
<test id="s1-t3" name="Cenário 3: Testando valor no teste" line="68">
<kw name="Abrir esse Site">
<kw name="Open Browser" owner="SeleniumLibrary">
<msg time="2026-02-28T21:30:18.412985" level="INFO">Opening browser 'chrome' to base url 'https://automationpratice.com.br/'.</msg>
<arg>${url}</arg>
<arg>${BROWSER}</arg>
<doc>Opens a new browser instance to the optional ``url``.</doc>
<status status="PASS" start="2026-02-28T21:30:18.412802" elapsed="1.523635"/>
</kw>
<kw name="Maximize Browser Window" owner="SeleniumLibrary">
<doc>Maximizes current browser window.</doc>
<status status="PASS" start="2026-02-28T21:30:19.936604" elapsed="0.035025"/>
</kw>
<arg>https://automationpratice.com.br/</arg>
<status status="PASS" start="2026-02-28T21:30:18.412529" elapsed="1.559204"/>
</kw>
<kw name="Aguardar site carregar">
<kw name="Sleep" owner="BuiltIn">
<msg time="2026-02-28T21:30:22.973072" level="INFO">Slept 3 seconds.</msg>
<arg>3s</arg>
<doc>Pauses the test executed for the given time.</doc>
<status status="PASS" start="2026-02-28T21:30:19.972315" elapsed="3.000891"/>
</kw>
<status status="PASS" start="2026-02-28T21:30:19.972039" elapsed="3.001286"/>
</kw>
<kw name="Clicar sobre o botão login">
<kw name="Wait Until Element Is Visible" owner="SeleniumLibrary">
<arg>xpath=//a[@href='/login']</arg>
<arg>10s</arg>
<doc>Waits until the element ``locator`` is visible.</doc>
<status status="PASS" start="2026-02-28T21:30:22.973900" elapsed="0.017037"/>
</kw>
<kw name="Click Element" owner="SeleniumLibrary">
<msg time="2026-02-28T21:30:22.991298" level="INFO">Clicking element 'xpath=//a[@href='/login']'.</msg>
<arg>xpath=//a[@href='/login']</arg>
<doc>Click the element identified by ``locator``.</doc>
<status status="PASS" start="2026-02-28T21:30:22.991124" elapsed="0.055678"/>
</kw>
<status status="PASS" start="2026-02-28T21:30:22.973628" elapsed="0.073277"/>
</kw>
<kw name="Digitar email">
<kw name="Wait Until Element Is Visible" owner="SeleniumLibrary">
<arg>id=user</arg>
<arg>10s</arg>
<doc>Waits until the element ``locator`` is visible.</doc>
<status status="PASS" start="2026-02-28T21:30:23.047632" elapsed="0.424663"/>
</kw>
<kw name="Input Text" owner="SeleniumLibrary">
<msg time="2026-02-28T21:30:23.472669" level="INFO">Typing text 'iagon@outlook.com' into text field 'id=user'.</msg>
<arg>id=user</arg>
<arg>${USUARIO_EMAIL}</arg>
<doc>Types the given ``text`` into the text field identified by ``locator``.</doc>
<status status="PASS" start="2026-02-28T21:30:23.472453" elapsed="0.082903"/>
</kw>
<status status="PASS" start="2026-02-28T21:30:23.047281" elapsed="0.508178"/>
</kw>
<kw name="Digitar senha">
<kw name="Input Text" owner="SeleniumLibrary">
<msg time="2026-02-28T21:30:23.556248" level="INFO">Typing text '123456' into text field 'id=password'.</msg>
<arg>id=password</arg>
<arg>${USUARIO_SENHA}</arg>
<doc>Types the given ``text`` into the text field identified by ``locator``.</doc>
<status status="PASS" start="2026-02-28T21:30:23.556053" elapsed="0.050729"/>
</kw>
<status status="PASS" start="2026-02-28T21:30:23.555810" elapsed="0.051076"/>
</kw>
<kw name="Clicar em logar">
<kw name="Click Element" owner="SeleniumLibrary">
<msg time="2026-02-28T21:30:23.607566" level="INFO">Clicking element 'id=btnLogin'.</msg>
<arg>id=btnLogin</arg>
<doc>Click the element identified by ``locator``.</doc>
<status status="PASS" start="2026-02-28T21:30:23.607407" elapsed="0.055860"/>
</kw>
<status status="PASS" start="2026-02-28T21:30:23.607155" elapsed="0.056212"/>
</kw>
<kw name="Verificar texto login realizado">
<kw name="Wait Until Element Is Visible" owner="SeleniumLibrary">
<arg>id=swal2-title</arg>
<arg>10s</arg>
<doc>Waits until the element ``locator`` is visible.</doc>
<status status="PASS" start="2026-02-28T21:30:23.664052" elapsed="0.015661"/>
</kw>
<kw name="Get Text" owner="SeleniumLibrary">
<msg time="2026-02-28T21:30:23.694338" level="INFO">${texto_atual} = Login realizado</msg>
<var>${texto_atual}</var>
<arg>id=swal2-title</arg>
<doc>Returns the text value of the element identified by ``locator``.</doc>
<status status="PASS" start="2026-02-28T21:30:23.679915" elapsed="0.014466"/>
</kw>
<kw name="Should Be Equal As Strings" owner="BuiltIn">
<arg>${texto_atual}</arg>
<arg>Login realizado</arg>
<doc>Fails if objects are unequal after converting them to strings.</doc>
<status status="PASS" start="2026-02-28T21:30:23.694515" elapsed="0.000300"/>
</kw>
<status status="PASS" start="2026-02-28T21:30:23.663735" elapsed="0.031145"/>
</kw>
<kw name="Fechar navegador">
<kw name="Close Browser" owner="SeleniumLibrary">
<doc>Closes the current browser.</doc>
<status status="PASS" start="2026-02-28T21:30:23.695313" elapsed="2.217527"/>
</kw>
<status status="PASS" start="2026-02-28T21:30:23.695095" elapsed="2.217877"/>
</kw>
<tag>Teste3</tag>
<status status="PASS" start="2026-02-28T21:30:18.412073" elapsed="7.501161"/>
</test>
<status status="PASS" start="2026-02-28T21:29:53.833498" elapsed="32.080336"/>
</suite>
<statistics>
<total>
<stat pass="3" fail="0" skip="0">All Tests</stat>
</total>
<tag>
<stat pass="1" fail="0" skip="0">Teste1</stat>
<stat pass="1" fail="0" skip="0">Teste2</stat>
<stat pass="1" fail="0" skip="0">Teste3</stat>
</tag>
<suite>
<stat name="Teste" id="s1" pass="3" fail="0" skip="0">Teste</stat>
</suite>
</statistics>
<errors>
</errors>
</robot>
